<?xml version="1.0" encoding="UTF-8"?>
<!-- Generated by org.testng.reporters.JUnitReportReporter -->
<testsuite hostname="DESKTOP-3C9HAJ0" failures="0" tests="1" name="Backup.MainLogic" time="35.555" errors="0" timestamp="2023-02-01T16:11:44 IST" skipped="0">
  <testcase classname="Backup.MainLogic" name="MainMethod" time="35.555"/>
  <system-out/>
</testsuite> <!-- Backup.MainLogic -->
