<?xml version="1.0" encoding="UTF-8"?>
<!-- Generated by org.testng.reporters.JUnitReportReporter -->
<testsuite hostname="DESKTOP-3C9HAJ0" failures="0" tests="22" name="AllTestCases.Device2Tests" time="20.532" errors="1" timestamp="2023-02-03T16:22:26 IST" skipped="21">
  <testcase classname="AllTestCases.Device2Tests" name="startAppiumServer" time="20.532">
    <error message="The local appium server has not been started. The given Node.js executable: C:\Program Files\nodejs\node.exe Arguments: [C:\Users\patil\AppData\Roaming\npm\node_modules\appium\build\lib\main.js, --port, 14196, --address, 0.0.0.0, --allow-insecure, adb_shell, --base-path, /wd/hub/, --relaxed-security] 
" type="io.appium.java_client.service.local.AppiumServerHasNotBeenStartedLocallyException">
      <![CDATA[io.appium.java_client.service.local.AppiumServerHasNotBeenStartedLocallyException: The local appium server has not been started. The given Node.js executable: C:\Program Files\nodejs\node.exe Arguments: [C:\Users\patil\AppData\Roaming\npm\node_modules\appium\build\lib\main.js, --port, 14196, --address, 0.0.0.0, --allow-insecure, adb_shell, --base-path, /wd/hub/, --relaxed-security] 

at io.appium.java_client.service.local.AppiumDriverLocalService.start(AppiumDriverLocalService.java:187)
at Backup.Base.StartAppiumServer(Base.java:31)
at AllTestCases.Device2Tests.startAppiumServer(Device2Tests.java:22)
at java.base/jdk.internal.reflect.NativeMethodAccessorImpl.invoke0(Native Method)
at java.base/jdk.internal.reflect.NativeMethodAccessorImpl.invoke(NativeMethodAccessorImpl.java:77)
at java.base/jdk.internal.reflect.DelegatingMethodAccessorImpl.invoke(DelegatingMethodAccessorImpl.java:43)
at java.base/java.lang.reflect.Method.invoke(Method.java:568)
at org.testng.internal.MethodInvocationHelper.invokeMethod(MethodInvocationHelper.java:133)
at org.testng.internal.MethodInvocationHelper.invokeMethodConsideringTimeout(MethodInvocationHelper.java:62)
at org.testng.internal.ConfigInvoker.invokeConfigurationMethod(ConfigInvoker.java:385)
at org.testng.internal.ConfigInvoker.invokeConfigurations(ConfigInvoker.java:321)
at org.testng.internal.TestMethodWorker.invokeBeforeClassMethods(TestMethodWorker.java:176)
at org.testng.internal.TestMethodWorker.run(TestMethodWorker.java:122)
at java.base/java.util.concurrent.ThreadPoolExecutor.runWorker(ThreadPoolExecutor.java:1136)
at java.base/java.util.concurrent.ThreadPoolExecutor$Worker.run(ThreadPoolExecutor.java:635)
at java.base/java.lang.Thread.run(Thread.java:833)
Caused by: org.openqa.selenium.net.UrlChecker$TimeoutException: Timed out waiting for [http://127.0.0.1:14196/wd/hub/status] to be available after 20005 ms
at org.openqa.selenium.net.UrlChecker.waitUntilAvailable(UrlChecker.java:89)
at io.appium.java_client.service.local.AppiumDriverLocalService.ping(AppiumDriverLocalService.java:152)
at io.appium.java_client.service.local.AppiumDriverLocalService.start(AppiumDriverLocalService.java:174)
... 15 more
Caused by: java.util.concurrent.TimeoutException
at java.base/java.util.concurrent.FutureTask.get(FutureTask.java:204)
at org.openqa.selenium.net.UrlChecker.waitUntilAvailable(UrlChecker.java:87)
... 17 more
]]>
    </error>
  </testcase> <!-- startAppiumServer -->
  <system-out/>
  <testcase classname="AllTestCases.Device2Tests" name="device2_FM_Test" time="0.000">
    <skipped/>
  </testcase> <!-- device2_FM_Test -->
  <system-out/>
  <testcase classname="AllTestCases.Device2Tests" name="device2_GB_Test" time="0.000">
    <skipped/>
  </testcase> <!-- device2_GB_Test -->
  <system-out/>
  <testcase classname="AllTestCases.Device2Tests" name="device2_WB_Test" time="0.000">
    <skipped/>
  </testcase> <!-- device2_WB_Test -->
  <system-out/>
  <testcase classname="AllTestCases.Device2Tests" name="device2_AERO_I_Test" time="0.000">
    <skipped/>
  </testcase> <!-- device2_AERO_I_Test -->
  <system-out/>
  <testcase classname="AllTestCases.Device2Tests" name="device2_AERO_II_Test" time="0.000">
    <skipped/>
  </testcase> <!-- device2_AERO_II_Test -->
  <system-out/>
  <testcase classname="AllTestCases.Device2Tests" name="device2_WA_Test" time="0.000">
    <skipped/>
  </testcase> <!-- device2_WA_Test -->
  <system-out/>
  <testcase classname="AllTestCases.Device2Tests" name="device2_YO_Test" time="0.000">
    <skipped/>
  </testcase> <!-- device2_YO_Test -->
  <system-out/>
  <testcase classname="AllTestCases.Device2Tests" name="device2_Dual_FM_Test" time="0.000">
    <skipped/>
  </testcase> <!-- device2_Dual_FM_Test -->
  <system-out/>
  <testcase classname="AllTestCases.Device2Tests" name="device2_Dual_GB_Test" time="0.000">
    <skipped/>
  </testcase> <!-- device2_Dual_GB_Test -->
  <system-out/>
  <testcase classname="AllTestCases.Device2Tests" name="device2_Dual_WB_Test" time="0.000">
    <skipped/>
  </testcase> <!-- device2_Dual_WB_Test -->
  <system-out/>
  <testcase classname="AllTestCases.Device2Tests" name="device2_Dual_AERO_I_Test" time="0.000">
    <skipped/>
  </testcase> <!-- device2_Dual_AERO_I_Test -->
  <system-out/>
  <testcase classname="AllTestCases.Device2Tests" name="device2_Dual_AERO_II_Test" time="0.000">
    <skipped/>
  </testcase> <!-- device2_Dual_AERO_II_Test -->
  <system-out/>
  <testcase classname="AllTestCases.Device2Tests" name="device2_Dual_WA_Test" time="0.000">
    <skipped/>
  </testcase> <!-- device2_Dual_WA_Test -->
  <system-out/>
  <testcase classname="AllTestCases.Device2Tests" name="device2_Dual_YO_Test" time="0.000">
    <skipped/>
  </testcase> <!-- device2_Dual_YO_Test -->
  <system-out/>
  <testcase classname="AllTestCases.Device2Tests" name="device2_Work_FM_Test" time="0.000">
    <skipped/>
  </testcase> <!-- device2_Work_FM_Test -->
  <system-out/>
  <testcase classname="AllTestCases.Device2Tests" name="device2_Work_GB_Test" time="0.000">
    <skipped/>
  </testcase> <!-- device2_Work_GB_Test -->
  <system-out/>
  <testcase classname="AllTestCases.Device2Tests" name="device2_Work_WB_Test" time="0.000">
    <skipped/>
  </testcase> <!-- device2_Work_WB_Test -->
  <system-out/>
  <testcase classname="AllTestCases.Device2Tests" name="device2_Work_AERO_I_Test" time="0.000">
    <skipped/>
  </testcase> <!-- device2_Work_AERO_I_Test -->
  <system-out/>
  <testcase classname="AllTestCases.Device2Tests" name="device2_Work_AERO_II_Test" time="0.000">
    <skipped/>
  </testcase> <!-- device2_Work_AERO_II_Test -->
  <system-out/>
  <testcase classname="AllTestCases.Device2Tests" name="device2_Work_WA_Test" time="0.000">
    <skipped/>
  </testcase> <!-- device2_Work_WA_Test -->
  <system-out/>
  <testcase classname="AllTestCases.Device2Tests" name="device2_Work_YO_Test" time="0.000">
    <skipped/>
  </testcase> <!-- device2_Work_YO_Test -->
  <system-out/>
</testsuite> <!-- AllTestCases.Device2Tests -->
